<?xml version="1.0" encoding="UTF-8"?>
<!-- Generated by org.testng.reporters.JUnitXMLReporter -->
<testsuite hostname="Hardik" ignored="0" name="Surefire test" tests="1" failures="0" timestamp="23 May 2023 22:11:21 GMT" time="8.811" errors="0">
  <testcase name="null" time="0.0" classname="com.xyzbank.cucumber.wk16.runners.TestRunner">
    <failure type="java.lang.NullPointerException">
      <![CDATA[java.lang.NullPointerException
at com.aventstack.extentreports.reporter.AbstractReporter.loadXMLConfig(AbstractReporter.java:65)
at com.aventstack.extentreports.reporter.AbstractReporter.loadXMLConfig(AbstractReporter.java:60)
at com.cucumber.listener.Reporter.loadXMLConfig(Reporter.java:47)
at com.xyzbank.cucumber.wk16.runners.TestRunner.setUp(TestRunner.java:25)
at org.junit.runners.model.FrameworkMethod$1.runReflectiveCall(FrameworkMethod.java:47)
at org.junit.internal.runners.model.ReflectiveCallable.run(ReflectiveCallable.java:12)
at org.junit.runners.model.FrameworkMethod.invokeExplosively(FrameworkMethod.java:44)
at org.junit.internal.runners.statements.RunAfters.evaluate(RunAfters.java:33)
at org.junit.runners.ParentRunner.run(ParentRunner.java:309)
at cucumber.api.junit.Cucumber.run(Cucumber.java:100)
at org.junit.runner.JUnitCore.run(JUnitCore.java:160)
at org.junit.runner.JUnitCore.run(JUnitCore.java:138)
... Removed 28 stack frames]]>
    </failure>
  </testcase> <!-- null -->
  <testcase name="testApp on testApp(com.xyzbank.cucumber.wk16.AppTest)" time="0.032" classname="com.xyzbank.cucumber.wk16.AppTest"/>
</testsuite> <!-- Surefire test -->
