<?xml version="1.0" encoding="UTF-8"?>
<testsuite xmlns:xsi="http://www.w3.org/2001/XMLSchema-instance" xsi:noNamespaceSchemaLocation="https://maven.apache.org/surefire/maven-surefire-plugin/xsd/surefire-test-report-3.0.xsd" version="3.0" name="TestSuite" time="9.18" tests="2" errors="0" skipped="0" failures="1">
  <properties>
[...]
</properties>
  <testcase name="testApp on testApp(com.xyzbank.cucumber.wk16.AppTest)" classname="com.xyzbank.cucumber.wk16.AppTest" time="0.002">
    <system-out><![CDATA[Usage: <main class> [options] The XML suite files to run
  Options:
    -configfailurepolicy
      Configuration failure policy (skip or continue)
    -d
      Output directory
    -dataproviderthreadcount
      Number of threads to use when running data providers
    -excludegroups
      Comma-separated list of group names to  exclude
    -groups
      Comma-separated list of group names to be run
    -junit
      JUnit mode
      Default: false
    -listener
      List of .class files or list of class names implementing ITestListener 
      or ISuiteListener
    -methods
      Comma separated of test methods
      Default: []
    -methodselectors
      List of .class files or list of class names implementing IMethodSelector
    -mixed
      Mixed mode - autodetect the type of current test and run it with 
      appropriate runner
      Default: false
    -objectfactory
      List of .class files or list of class names implementing 
      ITestRunnerFactory 
    -parallel
      Parallel mode (methods, tests or classes)
      Possible Values: [tests, methods, classes, instances, none, true, false]
    -port
      The port
    -reporter
      Extended configuration for custom report listener
    -suitename
      Default name of test suite, if not specified in suite definition file or 
      source code
    -suitethreadpoolsize
      Size of the thread pool to use to run suites
      Default: 1
    -testclass
      The list of test classes
    -testjar
      A jar file containing the tests
    -testname
      Default name of test, if not specified in suitedefinition file or source 
      code 
    -testnames
      The list of test names to run
    -testrunfactory, -testRunFactory
      The factory used to create tests
    -threadcount
      Number of threads to use when running tests in parallel
    -usedefaultlisteners
      Whether to use the default listeners
      Default: true
    -log, -verbose
      Level of verbosity
    -xmlpathinjar
      The full path to the xml file inside the jar file (only valid if 
      -testjar was specified)
      Default: testng.xml

]]></system-out>
    <system-err><![CDATA[[TestNG] [ERROR] No test suite found. Nothing to run
]]></system-err>
  </testcase>
  <testcase name="null on com.xyzbank.cucumber.wk16.runners.TestRunner" classname="com.xyzbank.cucumber.wk16.runners.TestRunner" time="8.495">
    <failure type="java.lang.NullPointerException"><![CDATA[java.lang.NullPointerException
	at com.aventstack.extentreports.reporter.AbstractReporter.loadXMLConfig(AbstractReporter.java:65)
	at com.aventstack.extentreports.reporter.AbstractReporter.loadXMLConfig(AbstractReporter.java:60)
	at com.cucumber.listener.Reporter.loadXMLConfig(Reporter.java:47)
	at com.xyzbank.cucumber.wk16.runners.TestRunner.setUp(TestRunner.java:25)
	at sun.reflect.NativeMethodAccessorImpl.invoke0(Native Method)
	at sun.reflect.NativeMethodAccessorImpl.invoke(NativeMethodAccessorImpl.java:62)
	at sun.reflect.DelegatingMethodAccessorImpl.invoke(DelegatingMethodAccessorImpl.java:43)
	at java.lang.reflect.Method.invoke(Method.java:498)
	at org.junit.runners.model.FrameworkMethod$1.runReflectiveCall(FrameworkMethod.java:47)
	at org.junit.internal.runners.model.ReflectiveCallable.run(ReflectiveCallable.java:12)
	at org.junit.runners.model.FrameworkMethod.invokeExplosively(FrameworkMethod.java:44)
	at org.junit.internal.runners.statements.RunAfters.evaluate(RunAfters.java:33)
	at org.junit.runners.ParentRunner.run(ParentRunner.java:309)
	at cucumber.api.junit.Cucumber.run(Cucumber.java:100)
	at org.junit.runner.JUnitCore.run(JUnitCore.java:160)
	at org.junit.runner.JUnitCore.run(JUnitCore.java:138)
	at org.testng.junit.JUnit4TestRunner.start(JUnit4TestRunner.java:82)
	at org.testng.junit.JUnit4TestRunner.run(JUnit4TestRunner.java:70)
	at org.testng.TestRunner$1.run(TestRunner.java:570)
	at org.testng.TestRunner.runJUnitWorkers(TestRunner.java:717)
	at org.testng.TestRunner.privateRunJUnit(TestRunner.java:601)
	at org.testng.TestRunner.run(TestRunner.java:502)
	at org.testng.SuiteRunner.runTest(SuiteRunner.java:455)
	at org.testng.SuiteRunner.runSequentially(SuiteRunner.java:450)
	at org.testng.SuiteRunner.privateRun(SuiteRunner.java:415)
	at org.testng.SuiteRunner.run(SuiteRunner.java:364)
	at org.testng.SuiteRunnerWorker.runSuite(SuiteRunnerWorker.java:52)
	at org.testng.SuiteRunnerWorker.run(SuiteRunnerWorker.java:84)
	at org.testng.TestNG.runSuitesSequentially(TestNG.java:1208)
	at org.testng.TestNG.runSuitesLocally(TestNG.java:1137)
	at org.testng.TestNG.runSuites(TestNG.java:1049)
	at org.testng.TestNG.run(TestNG.java:1017)
	at org.apache.maven.surefire.testng.TestNGExecutor.run(TestNGExecutor.java:151)
	at org.apache.maven.surefire.testng.TestNGDirectoryTestSuite.executeMulti(TestNGDirectoryTestSuite.java:197)
	at org.apache.maven.surefire.testng.TestNGDirectoryTestSuite.execute(TestNGDirectoryTestSuite.java:93)
	at org.apache.maven.surefire.testng.TestNGProvider.invoke(TestNGProvider.java:155)
	at org.apache.maven.surefire.booter.ForkedBooter.runSuitesInProcess(ForkedBooter.java:456)
	at org.apache.maven.surefire.booter.ForkedBooter.execute(ForkedBooter.java:169)
	at org.apache.maven.surefire.booter.ForkedBooter.run(ForkedBooter.java:595)
	at org.apache.maven.surefire.booter.ForkedBooter.main(ForkedBooter.java:581)
]]></failure>
    <system-out><![CDATA[Feature: Bank Test functionality
  As a user I want to check the acceptance criteria of the bank

  Background: I am on homepage &amp#27;[90m# banktest.feature:5&amp#27;[0m
2023-05-23 23:05:785 INFO  HomePage :37 - Clicking on bank manager login button : [[ChromeDriver: chrome on WINDOWS (36ad5e2b69ebbacfe9a47bf5b7bf97ad)] -> xpath: //button[normalize-space()='Bank Manager Login']]
2023-05-23 23:05:200 INFO  BankManagerLoginPage :42 - Clicking on open account tab : [[ChromeDriver: chrome on WINDOWS (36ad5e2b69ebbacfe9a47bf5b7bf97ad)] -> xpath: //button[normalize-space()='Open Account']]
2023-05-23 23:05:576 INFO  OpenAccountPage :47 - Selecting customer dropdown : [[[ChromeDriver: chrome on WINDOWS (36ad5e2b69ebbacfe9a47bf5b7bf97ad)] -> xpath: //form[@role='form']/child::div[1]/select/child::*], [[ChromeDriver: chrome on WINDOWS (36ad5e2b69ebbacfe9a47bf5b7bf97ad)] -> xpath: //form[@role='form']/child::div[1]/select/child::*], [[ChromeDriver: chrome on WINDOWS (36ad5e2b69ebbacfe9a47bf5b7bf97ad)] -> xpath: //form[@role='form']/child::div[1]/select/child::*], [[ChromeDriver: chrome on WINDOWS (36ad5e2b69ebbacfe9a47bf5b7bf97ad)] -> xpath: //form[@role='form']/child::div[1]/select/child::*], [[ChromeDriver: chrome on WINDOWS (36ad5e2b69ebbacfe9a47bf5b7bf97ad)] -> xpath: //form[@role='form']/child::div[1]/select/child::*], [[ChromeDriver: chrome on WINDOWS (36ad5e2b69ebbacfe9a47bf5b7bf97ad)] -> xpath: //form[@role='form']/child::div[1]/select/child::*]]
2023-05-23 23:05:756 INFO  OpenAccountPage :53 - Selecting currency dropdown : [[ChromeDriver: chrome on WINDOWS (36ad5e2b69ebbacfe9a47bf5b7bf97ad)] -> xpath: //select[@id='currency']]
2023-05-23 23:05:826 INFO  OpenAccountPage :59 - Clicking on process button: [[ChromeDriver: chrome on WINDOWS (36ad5e2b69ebbacfe9a47bf5b7bf97ad)] -> xpath: //button[normalize-space()='Process']]
2023-05-23 23:05:836 INFO  OpenAccountPage :65 - Getting message from pop up 
2023-05-23 23:05:866 INFO  AddCustomerPage :64 - Accepting alert 

  @smoke @regression
  Scenario: Bank Manager should be able to open account successfully                                           &amp#27;[90m# banktest.feature:19&amp#27;[0m
    &amp#27;[32mWhen &amp#27;[0m&amp#27;[32mI click on 'Bank Manager' login button&amp#27;[0m                                                                &amp#27;[90m# BankTestSteps.iClickOnBankManagerLoginButton()&amp#27;[0m
    &amp#27;[32mAnd &amp#27;[0m&amp#27;[32mI click on 'Open Account' tab&amp#27;[0m                                                                          &amp#27;[90m# BankTestSteps.iClickOnOpenAccountTab()&amp#27;[0m
    &amp#27;[32mAnd &amp#27;[0m&amp#27;[32mI select customer that created I created which is "&amp#27;[0m&amp#27;[32m&amp#27;[1mHermoine Granger&amp#27;[0m&amp#27;[32m"&amp#27;[0m                                   &amp#27;[90m# BankTestSteps.iSelectCustomerThatCreatedICreatedWhichIs(String)&amp#27;[0m
    &amp#27;[32mAnd &amp#27;[0m&amp#27;[32mI select currency dropdown as "&amp#27;[0m&amp#27;[32m&amp#27;[1mPound&amp#27;[0m&amp#27;[32m"&amp#27;[0m                                                                  &amp#27;[90m# BankTestSteps.iSelectCurrencyDropdownAs(String)&amp#27;[0m
    &amp#27;[32mAnd &amp#27;[0m&amp#27;[32mI click on 'Process' button&amp#27;[0m                                                                            &amp#27;[90m# BankTestSteps.iClickOnProcessButton()&amp#27;[0m
    &amp#27;[32mThen &amp#27;[0m&amp#27;[32mI verify the message for account creation as "&amp#27;[0m&amp#27;[32m&amp#27;[1mAccount created successfully with account Number :1016&amp#27;[0m&amp#27;[32m"&amp#27;[0m &amp#27;[90m# BankTestSteps.iVerifyTheMessageForAccountCreationAs(String)&amp#27;[0m
    &amp#27;[32mAnd &amp#27;[0m&amp#27;[32mI click on accept&amp#27;[0m                                                                                      &amp#27;[90m# BankTestSteps.iClickOnAccept()&amp#27;[0m
]]></system-out>
    <system-err><![CDATA[SLF4J: Failed to load class "org.slf4j.impl.StaticLoggerBinder".
SLF4J: Defaulting to no-operation (NOP) logger implementation
SLF4J: See http://www.slf4j.org/codes.html#StaticLoggerBinder for further details.
Starting ChromeDriver 113.0.5672.63 (0e1a4471d5ae5bf128b1bd8f4d627c8cbd55f70c-refs/branch-heads/5672@{#912}) on port 39001
Only local connections are allowed.
Please see https://chromedriver.chromium.org/security-considerations for suggestions on keeping ChromeDriver safe.
ChromeDriver was started successfully.
May 23, 2023 11:11:15 PM org.openqa.selenium.devtools.CdpVersionFinder findNearestMatch
WARNING: Unable to find an exact match for CDP version 113, so returning the closest version found: 112
[Fatal Error] :1:1: Premature end of file.
May 23, 2023 11:11:20 PM com.aventstack.extentreports.configuration.ConfigLoader getConfigurationHash
SEVERE: Config
org.xml.sax.SAXParseException; lineNumber: 1; columnNumber: 1; Premature end of file.
	at com.sun.org.apache.xerces.internal.parsers.DOMParser.parse(DOMParser.java:257)
	at com.sun.org.apache.xerces.internal.jaxp.DocumentBuilderImpl.parse(DocumentBuilderImpl.java:339)
	at javax.xml.parsers.DocumentBuilder.parse(DocumentBuilder.java:121)
	at com.aventstack.extentreports.configuration.ConfigLoader.getConfigurationHash(ConfigLoader.java:64)
	at com.aventstack.extentreports.reporter.AbstractReporter.loadXMLConfig(AbstractReporter.java:64)
	at com.aventstack.extentreports.reporter.AbstractReporter.loadXMLConfig(AbstractReporter.java:60)
	at com.cucumber.listener.Reporter.loadXMLConfig(Reporter.java:47)
	at com.xyzbank.cucumber.wk16.runners.TestRunner.setUp(TestRunner.java:25)
	at sun.reflect.NativeMethodAccessorImpl.invoke0(Native Method)
	at sun.reflect.NativeMethodAccessorImpl.invoke(NativeMethodAccessorImpl.java:62)
	at sun.reflect.DelegatingMethodAccessorImpl.invoke(DelegatingMethodAccessorImpl.java:43)
	at java.lang.reflect.Method.invoke(Method.java:498)
	at org.junit.runners.model.FrameworkMethod$1.runReflectiveCall(FrameworkMethod.java:47)
	at org.junit.internal.runners.model.ReflectiveCallable.run(ReflectiveCallable.java:12)
	at org.junit.runners.model.FrameworkMethod.invokeExplosively(FrameworkMethod.java:44)
	at org.junit.internal.runners.statements.RunAfters.evaluate(RunAfters.java:33)
	at org.junit.runners.ParentRunner.run(ParentRunner.java:309)
	at cucumber.api.junit.Cucumber.run(Cucumber.java:100)
	at org.junit.runner.JUnitCore.run(JUnitCore.java:160)
	at org.junit.runner.JUnitCore.run(JUnitCore.java:138)
	at org.testng.junit.JUnit4TestRunner.start(JUnit4TestRunner.java:82)
	at org.testng.junit.JUnit4TestRunner.run(JUnit4TestRunner.java:70)
	at org.testng.TestRunner$1.run(TestRunner.java:570)
	at org.testng.TestRunner.runJUnitWorkers(TestRunner.java:717)
	at org.testng.TestRunner.privateRunJUnit(TestRunner.java:601)
	at org.testng.TestRunner.run(TestRunner.java:502)
	at org.testng.SuiteRunner.runTest(SuiteRunner.java:455)
	at org.testng.SuiteRunner.runSequentially(SuiteRunner.java:450)
	at org.testng.SuiteRunner.privateRun(SuiteRunner.java:415)
	at org.testng.SuiteRunner.run(SuiteRunner.java:364)
	at org.testng.SuiteRunnerWorker.runSuite(SuiteRunnerWorker.java:52)
	at org.testng.SuiteRunnerWorker.run(SuiteRunnerWorker.java:84)
	at org.testng.TestNG.runSuitesSequentially(TestNG.java:1208)
	at org.testng.TestNG.runSuitesLocally(TestNG.java:1137)
	at org.testng.TestNG.runSuites(TestNG.java:1049)
	at org.testng.TestNG.run(TestNG.java:1017)
	at org.apache.maven.surefire.testng.TestNGExecutor.run(TestNGExecutor.java:151)
	at org.apache.maven.surefire.testng.TestNGDirectoryTestSuite.executeMulti(TestNGDirectoryTestSuite.java:197)
	at org.apache.maven.surefire.testng.TestNGDirectoryTestSuite.execute(TestNGDirectoryTestSuite.java:93)
	at org.apache.maven.surefire.testng.TestNGProvider.invoke(TestNGProvider.java:155)
	at org.apache.maven.surefire.booter.ForkedBooter.runSuitesInProcess(ForkedBooter.java:456)
	at org.apache.maven.surefire.booter.ForkedBooter.execute(ForkedBooter.java:169)
	at org.apache.maven.surefire.booter.ForkedBooter.run(ForkedBooter.java:595)
	at org.apache.maven.surefire.booter.ForkedBooter.main(ForkedBooter.java:581)

]]></system-err>
  </testcase>
</testsuite>